============================= test session starts ==============================
platform darwin -- Python 3.10.0, pytest-9.0.3, pluggy-1.6.0 -- /Library/Frameworks/Python.framework/Versions/3.10/bin/python3
cachedir: .pytest_cache
rootdir: /Users/timothychang/Documents/GitHub/classroom-economy
configfile: pytest.ini
plugins: flask-1.3.0, anyio-4.2.0
collecting ... collected 1 item

tests/test_void_transaction_rules.py::test_void_delayed_purchase_removes_item_and_refunds [2026-06-30 22:03:09,419] WARNING in base [-] [actor=-:- class_id=-] [endpoint=/ method=GET] [error_class=- correlation_version=1]: FEAT-INTEGRITY-WARNING: FEATBypass active. Execution integrity is currently unmanaged.
[2026-06-30 22:03:09,420] WARNING in base [-] [actor=-:- class_id=-] [endpoint=/ method=GET] [error_class=- correlation_version=1]: FEAT-INTEGRITY-WARNING: FEAT FEAT-BYPASS-LEGACY (Blast=LOW) missing idempotency_key.
[2026-06-30 22:03:09,421] INFO in base [-] [actor=-:- class_id=-] [endpoint=/ method=GET] [error_class=- correlation_version=1]: FEAT-ENTRY: feat=FEAT-BYPASS-LEGACY | correlation_id=bypass_test_39e26dbde40d4f34941987300e38bd8d | idempotency_key=NONE
FAILED[2026-06-30 22:03:09,901] INFO in base [-] [actor=-:- class_id=-] [endpoint=/ method=GET] [error_class=- correlation_version=1]: FEAT-COMMIT-OWNERSHIP: FEAT-BYPASS-LEGACY | First commit owned by FEAT-BYPASS-LEGACY | Correlation=bypass_test_39e26dbde40d4f34941987300e38bd8d


=================================== FAILURES ===================================
_____________ test_void_delayed_purchase_removes_item_and_refunds ______________

self = <sqlalchemy.engine.base.Connection object at 0x1141bdea0>
dialect = <sqlalchemy.dialects.postgresql.psycopg2.PGDialect_psycopg2 object at 0x111051180>
context = <sqlalchemy.dialects.postgresql.psycopg2.PGExecutionContext_psycopg2 object at 0x1141bf6a0>
statement = <sqlalchemy.dialects.postgresql.base.PGCompiler object at 0x1141bfa00>
parameters = [{'class_id': '6c6a4cbb-2f3b-4540-b7d4-4e37e2c70089', 'class_timezone': 'UTC', 'created_at': datetime.datetime(2026, 7, 1, 5, 3, 9, 572090, tzinfo=datetime.timezone.utc), 'created_by_user_id': None, ...}]

    def _exec_single_context(
        self,
        dialect: Dialect,
        context: ExecutionContext,
        statement: Union[str, Compiled],
        parameters: Optional[_AnyMultiExecuteParams],
    ) -> CursorResult[Any]:
        """continue the _execute_context() method for a single DBAPI
        cursor.execute() or cursor.executemany() call.
    
        """
        if dialect.bind_typing is BindTyping.SETINPUTSIZES:
            generic_setinputsizes = context._prepare_set_input_sizes()
    
            if generic_setinputsizes:
                try:
                    dialect.do_set_input_sizes(
                        context.cursor, generic_setinputsizes, context
                    )
                except BaseException as e:
                    self._handle_dbapi_exception(
                        e, str(statement), parameters, None, context
                    )
    
        cursor, str_statement, parameters = (
            context.cursor,
            context.statement,
            context.parameters,
        )
    
        effective_parameters: Optional[_AnyExecuteParams]
    
        if not context.executemany:
            effective_parameters = parameters[0]
        else:
            effective_parameters = parameters
    
        if self._has_events or self.engine._has_events:
            for fn in self.dispatch.before_cursor_execute:
                str_statement, effective_parameters = fn(
                    self,
                    cursor,
                    str_statement,
                    effective_parameters,
                    context,
                    context.executemany,
                )
    
        if self._echo:
            self._log_info(str_statement)
    
            stats = context._get_cache_stats()
    
            if not self.engine.hide_parameters:
                self._log_info(
                    "[%s] %r",
                    stats,
                    sql_util._repr_params(
                        effective_parameters,
                        batches=10,
                        ismulti=context.executemany,
                    ),
                )
            else:
                self._log_info(
                    "[%s] [SQL parameters hidden due to hide_parameters=True]",
                    stats,
                )
    
        evt_handled: bool = False
        try:
            if context.execute_style is ExecuteStyle.EXECUTEMANY:
                effective_parameters = cast(
                    "_CoreMultiExecuteParams", effective_parameters
                )
                if self.dialect._has_events:
                    for fn in self.dialect.dispatch.do_executemany:
                        if fn(
                            cursor,
                            str_statement,
                            effective_parameters,
                            context,
                        ):
                            evt_handled = True
                            break
                if not evt_handled:
                    self.dialect.do_executemany(
                        cursor,
                        str_statement,
                        effective_parameters,
                        context,
                    )
            elif not effective_parameters and context.no_parameters:
                if self.dialect._has_events:
                    for fn in self.dialect.dispatch.do_execute_no_params:
                        if fn(cursor, str_statement, context):
                            evt_handled = True
                            break
                if not evt_handled:
                    self.dialect.do_execute_no_params(
                        cursor, str_statement, context
                    )
            else:
                effective_parameters = cast(
                    "_CoreSingleExecuteParams", effective_parameters
                )
                if self.dialect._has_events:
                    for fn in self.dialect.dispatch.do_execute:
                        if fn(
                            cursor,
                            str_statement,
                            effective_parameters,
                            context,
                        ):
                            evt_handled = True
                            break
                if not evt_handled:
>                   self.dialect.do_execute(
                        cursor, str_statement, effective_parameters, context
                    )

/Library/Frameworks/Python.framework/Versions/3.10/lib/python3.10/site-packages/sqlalchemy/engine/base.py:1967: 
_ _ _ _ _ _ _ _ _ _ _ _ _ _ _ _ _ _ _ _ _ _ _ _ _ _ _ _ _ _ _ _ _ _ _ _ _ _ _ _ 

self = <sqlalchemy.dialects.postgresql.psycopg2.PGDialect_psycopg2 object at 0x111051180>
cursor = <cursor object at 0x114113b50; closed: -1>
statement = 'INSERT INTO classes (class_id, join_code, join_code_token, section, user_id, display_name, class_timezone, created_at...(section)s, %(user_id)s, %(display_name)s, %(class_timezone)s, %(created_at)s, %(updated_at)s, %(created_by_user_id)s)'
parameters = {'class_id': '6c6a4cbb-2f3b-4540-b7d4-4e37e2c70089', 'class_timezone': 'UTC', 'created_at': datetime.datetime(2026, 7, 1, 5, 3, 9, 572090, tzinfo=datetime.timezone.utc), 'created_by_user_id': None, ...}
context = <sqlalchemy.dialects.postgresql.psycopg2.PGExecutionContext_psycopg2 object at 0x1141bf6a0>

    def do_execute(self, cursor, statement, parameters, context=None):
>       cursor.execute(statement, parameters)
E       psycopg2.errors.ForeignKeyViolation: insert or update on table "classes" violates foreign key constraint "classes_user_id_fkey"
E       DETAIL:  Key (user_id)=(1) is not present in table "users".

/Library/Frameworks/Python.framework/Versions/3.10/lib/python3.10/site-packages/sqlalchemy/engine/default.py:952: ForeignKeyViolation

The above exception was the direct cause of the following exception:

client = <FlaskClient <Flask 'app'>>

    def test_void_delayed_purchase_removes_item_and_refunds(client):
>       teacher, student_user = _build_teacher_student('VOIDDLY1')

tests/test_void_transaction_rules.py:54: 
_ _ _ _ _ _ _ _ _ _ _ _ _ _ _ _ _ _ _ _ _ _ _ _ _ _ _ _ _ _ _ _ _ _ _ _ _ _ _ _ 
tests/test_void_transaction_rules.py:32: in _build_teacher_student
    db.session.flush()
/Library/Frameworks/Python.framework/Versions/3.10/lib/python3.10/site-packages/sqlalchemy/orm/scoping.py:924: in flush
    return self._proxied.flush(objects=objects)
/Library/Frameworks/Python.framework/Versions/3.10/lib/python3.10/site-packages/sqlalchemy/orm/session.py:4331: in flush
    self._flush(objects)
/Library/Frameworks/Python.framework/Versions/3.10/lib/python3.10/site-packages/sqlalchemy/orm/session.py:4466: in _flush
    with util.safe_reraise():
/Library/Frameworks/Python.framework/Versions/3.10/lib/python3.10/site-packages/sqlalchemy/util/langhelpers.py:121: in __exit__
    raise exc_value.with_traceback(exc_tb)
/Library/Frameworks/Python.framework/Versions/3.10/lib/python3.10/site-packages/sqlalchemy/orm/session.py:4427: in _flush
    flush_context.execute()
/Library/Frameworks/Python.framework/Versions/3.10/lib/python3.10/site-packages/sqlalchemy/orm/unitofwork.py:466: in execute
    rec.execute(self)
/Library/Frameworks/Python.framework/Versions/3.10/lib/python3.10/site-packages/sqlalchemy/orm/unitofwork.py:642: in execute
    util.preloaded.orm_persistence.save_obj(
/Library/Frameworks/Python.framework/Versions/3.10/lib/python3.10/site-packages/sqlalchemy/orm/persistence.py:93: in save_obj
    _emit_insert_statements(
/Library/Frameworks/Python.framework/Versions/3.10/lib/python3.10/site-packages/sqlalchemy/orm/persistence.py:1233: in _emit_insert_statements
    result = connection.execute(
/Library/Frameworks/Python.framework/Versions/3.10/lib/python3.10/site-packages/sqlalchemy/engine/base.py:1419: in execute
    return meth(
/Library/Frameworks/Python.framework/Versions/3.10/lib/python3.10/site-packages/sqlalchemy/sql/elements.py:527: in _execute_on_connection
    return connection._execute_clauseelement(
/Library/Frameworks/Python.framework/Versions/3.10/lib/python3.10/site-packages/sqlalchemy/engine/base.py:1641: in _execute_clauseelement
    ret = self._execute_context(
/Library/Frameworks/Python.framework/Versions/3.10/lib/python3.10/site-packages/sqlalchemy/engine/base.py:1846: in _execute_context
    return self._exec_single_context(
/Library/Frameworks/Python.framework/Versions/3.10/lib/python3.10/site-packages/sqlalchemy/engine/base.py:1986: in _exec_single_context
    self._handle_dbapi_exception(
/Library/Frameworks/Python.framework/Versions/3.10/lib/python3.10/site-packages/sqlalchemy/engine/base.py:2363: in _handle_dbapi_exception
    raise sqlalchemy_exception.with_traceback(exc_info[2]) from e
/Library/Frameworks/Python.framework/Versions/3.10/lib/python3.10/site-packages/sqlalchemy/engine/base.py:1967: in _exec_single_context
    self.dialect.do_execute(
_ _ _ _ _ _ _ _ _ _ _ _ _ _ _ _ _ _ _ _ _ _ _ _ _ _ _ _ _ _ _ _ _ _ _ _ _ _ _ _ 

self = <sqlalchemy.dialects.postgresql.psycopg2.PGDialect_psycopg2 object at 0x111051180>
cursor = <cursor object at 0x114113b50; closed: -1>
statement = 'INSERT INTO classes (class_id, join_code, join_code_token, section, user_id, display_name, class_timezone, created_at...(section)s, %(user_id)s, %(display_name)s, %(class_timezone)s, %(created_at)s, %(updated_at)s, %(created_by_user_id)s)'
parameters = {'class_id': '6c6a4cbb-2f3b-4540-b7d4-4e37e2c70089', 'class_timezone': 'UTC', 'created_at': datetime.datetime(2026, 7, 1, 5, 3, 9, 572090, tzinfo=datetime.timezone.utc), 'created_by_user_id': None, ...}
context = <sqlalchemy.dialects.postgresql.psycopg2.PGExecutionContext_psycopg2 object at 0x1141bf6a0>

    def do_execute(self, cursor, statement, parameters, context=None):
>       cursor.execute(statement, parameters)
E       sqlalchemy.exc.IntegrityError: (psycopg2.errors.ForeignKeyViolation) insert or update on table "classes" violates foreign key constraint "classes_user_id_fkey"
E       DETAIL:  Key (user_id)=(1) is not present in table "users".
E       
E       [SQL: INSERT INTO classes (class_id, join_code, join_code_token, section, user_id, display_name, class_timezone, created_at, updated_at, created_by_user_id) VALUES (%(class_id)s, %(join_code)s, %(join_code_token)s, %(section)s, %(user_id)s, %(display_name)s, %(class_timezone)s, %(created_at)s, %(updated_at)s, %(created_by_user_id)s)]
E       [parameters: {'class_id': '6c6a4cbb-2f3b-4540-b7d4-4e37e2c70089', 'join_code': 'VOIDDLY1', 'join_code_token': None, 'section': None, 'user_id': 1, 'display_name': None, 'class_timezone': 'UTC', 'created_at': datetime.datetime(2026, 7, 1, 5, 3, 9, 572090, tzinfo=datetime.timezone.utc), 'updated_at': datetime.datetime(2026, 7, 1, 5, 3, 9, 572091, tzinfo=datetime.timezone.utc), 'created_by_user_id': None}]
E       (Background on this error at: https://sqlalche.me/e/20/gkpj)

/Library/Frameworks/Python.framework/Versions/3.10/lib/python3.10/site-packages/sqlalchemy/engine/default.py:952: IntegrityError
------------------------------ Captured log setup ------------------------------
WARNING  app.feats.base:base.py:334 FEAT-INTEGRITY-WARNING: FEATBypass active. Execution integrity is currently unmanaged.
WARNING  app.feats.base:base.py:175 FEAT-INTEGRITY-WARNING: FEAT FEAT-BYPASS-LEGACY (Blast=LOW) missing idempotency_key.
INFO     app.feats.base:base.py:228 FEAT-ENTRY: feat=FEAT-BYPASS-LEGACY | correlation_id=bypass_test_39e26dbde40d4f34941987300e38bd8d | idempotency_key=NONE
---------------------------- Captured log teardown -----------------------------
INFO     app.feats.base:base.py:265 FEAT-COMMIT-OWNERSHIP: FEAT-BYPASS-LEGACY | First commit owned by FEAT-BYPASS-LEGACY | Correlation=bypass_test_39e26dbde40d4f34941987300e38bd8d
=========================== short test summary info ============================
FAILED tests/test_void_transaction_rules.py::test_void_delayed_purchase_removes_item_and_refunds
============================== 1 failed in 1.30s ===============================
